<?xml version="1.0" encoding="UTF-8" ?>
<testsuite tests="14" failures="0" name="com.tax.dao.AbstractJDBCTest" time="0.623" errors="1" skipped="0">
  <properties>
[...]
</properties>
  <testcase classname="com.tax.dao.AbstractJDBCTest" name="getAllReports" time="0.102"/>
  <testcase classname="com.tax.dao.AbstractJDBCTest" name="createInspector" time="0.128"/>
  <testcase classname="com.tax.dao.AbstractJDBCTest" name="updateReport" time="0.08"/>
  <testcase classname="com.tax.dao.AbstractJDBCTest" name="getByPKUser" time="0.003"/>
  <testcase classname="com.tax.dao.AbstractJDBCTest" name="update" time="0.07"/>
  <testcase classname="com.tax.dao.AbstractJDBCTest" name="deleteReport" time="0.039"/>
  <testcase classname="com.tax.dao.AbstractJDBCTest" name="getAllUsers" time="0.004"/>
  <testcase classname="com.tax.dao.AbstractJDBCTest" name="getAllInspectors" time="0.003"/>
  <testcase classname="com.tax.dao.AbstractJDBCTest" name="getByPKReport" time="0.003"/>
  <testcase classname="com.tax.dao.AbstractJDBCTest" name="getByPKInspector" time="0.006"/>
  <testcase classname="com.tax.dao.AbstractJDBCTest" name="updateInspector" time="0.019">
    <error type="java.lang.NullPointerException">java.lang.NullPointerException
	at com.tax.dao.AbstractJDBCTest.updateInspector(AbstractJDBCTest.java:111)
	at java.base/jdk.internal.reflect.NativeMethodAccessorImpl.invoke0(Native Method)
	at java.base/jdk.internal.reflect.NativeMethodAccessorImpl.invoke(NativeMethodAccessorImpl.java:62)
	at java.base/jdk.internal.reflect.DelegatingMethodAccessorImpl.invoke(DelegatingMethodAccessorImpl.java:43)
	at java.base/java.lang.reflect.Method.invoke(Method.java:564)
	at org.junit.runners.model.FrameworkMethod$1.runReflectiveCall(FrameworkMethod.java:50)
	at org.junit.internal.runners.model.ReflectiveCallable.run(ReflectiveCallable.java:12)
	at org.junit.runners.model.FrameworkMethod.invokeExplosively(FrameworkMethod.java:47)
	at org.junit.internal.runners.statements.InvokeMethod.evaluate(InvokeMethod.java:17)
	at org.junit.runners.ParentRunner.runLeaf(ParentRunner.java:325)
	at org.junit.runners.BlockJUnit4ClassRunner.runChild(BlockJUnit4ClassRunner.java:78)
	at org.junit.runners.BlockJUnit4ClassRunner.runChild(BlockJUnit4ClassRunner.java:57)
	at org.junit.runners.ParentRunner$3.run(ParentRunner.java:290)
	at org.junit.runners.ParentRunner$1.schedule(ParentRunner.java:71)
	at org.junit.runners.ParentRunner.runChildren(ParentRunner.java:288)
	at org.junit.runners.ParentRunner.access$000(ParentRunner.java:58)
	at org.junit.runners.ParentRunner$2.evaluate(ParentRunner.java:268)
	at org.junit.runners.ParentRunner.run(ParentRunner.java:363)
	at org.apache.maven.surefire.junit4.JUnit4Provider.execute(JUnit4Provider.java:252)
	at org.apache.maven.surefire.junit4.JUnit4Provider.executeTestSet(JUnit4Provider.java:141)
	at org.apache.maven.surefire.junit4.JUnit4Provider.invoke(JUnit4Provider.java:112)
	at java.base/jdk.internal.reflect.NativeMethodAccessorImpl.invoke0(Native Method)
	at java.base/jdk.internal.reflect.NativeMethodAccessorImpl.invoke(NativeMethodAccessorImpl.java:62)
	at java.base/jdk.internal.reflect.DelegatingMethodAccessorImpl.invoke(DelegatingMethodAccessorImpl.java:43)
	at java.base/java.lang.reflect.Method.invoke(Method.java:564)
	at org.apache.maven.surefire.util.ReflectionUtils.invokeMethodWithArray(ReflectionUtils.java:189)
	at org.apache.maven.surefire.booter.ProviderFactory$ProviderProxy.invoke(ProviderFactory.java:165)
	at org.apache.maven.surefire.booter.ProviderFactory.invokeProvider(ProviderFactory.java:85)
	at org.apache.maven.surefire.booter.ForkedBooter.runSuitesInProcess(ForkedBooter.java:115)
	at org.apache.maven.surefire.booter.ForkedBooter.main(ForkedBooter.java:75)
</error>
  </testcase>
  <testcase classname="com.tax.dao.AbstractJDBCTest" name="createUser" time="0.035"/>
  <testcase classname="com.tax.dao.AbstractJDBCTest" name="createReport" time="0.035"/>
  <testcase classname="com.tax.dao.AbstractJDBCTest" name="deleteUser" time="0.096"/>
</testsuite>